    | 2021/09/24 04:00:50,440| Start the recorder with the file named:Bx-P1-C0-Growth-A1417 SL calib
    | 2021/09/24 04:00:50,810| Starting recipe "A1417 SL calib.rcp" with priority 0
0001| 2021/09/24 04:00:50,911| init
0002| 2021/09/24 04:00:55,850| Montée pour désox
0003| 2021/09/24 04:20:55,849| désox
0004| 2021/09/24 04:35:55,850| descente pour tampon
0005| 2021/09/24 04:37:55,850| Tampon
0006| 2021/09/24 05:37:37,850| Fin tampon, montée As
0007| 2021/09/24 05:37:55,849| 270nm AlGaAs 92%
      Loop #1/5 Bragg
0008| 2021/09/24 05:54:07,850| 76.47nm GaAs
0009| 2021/09/24 05:58:43,141| 89.06nm AlGaAs 92%
      Loop #2/5 Bragg
0010| 2021/09/24 06:04:03,757| 76.47nm GaAs
0011| 2021/09/24 06:08:39,050| 89.06nm AlGaAs 92%
      Loop #3/5 Bragg
0012| 2021/09/24 06:13:59,665| 76.47nm GaAs
0013| 2021/09/24 06:18:34,958| 89.06nm AlGaAs 92%
      Loop #4/5 Bragg
0014| 2021/09/24 06:23:55,575| 76.47nm GaAs
0015| 2021/09/24 06:28:30,866| 89.06nm AlGaAs 92%
      Loop #5/5 Bragg
0016| 2021/09/24 06:33:51,482| 76.47nm GaAs
0017| 2021/09/24 06:38:26,773| 89.06nm AlGaAs 92%
0018| 2021/09/24 06:43:47,389| 270 nm GaAs
0019| 2021/09/24 06:59:59,389| Descente
0020| 2021/09/24 07:19:59,389| wait
0021| 2021/09/24 09:19:59,390| END
    | 2021/09/24 09:20:01,983| --------------> Completed
